[kura-system-html.vercel.app/index.html]
[backblue.gif]
[fade.gif]
[index.html]
[solapa-html.vercel.app/assets/vendors/bootstrap/css/bootstrap.css]
[solapa-html.vercel.app/assets/vendors/fontawesome/css/font-awesome.css]
[solapa-html.vercel.app/assets/vendors/flaticons/flaticon.css]
[solapa-html.vercel.app/assets/vendors/animate/css/animate.css]
[solapa-html.vercel.app/assets/vendors/owl-slider/css/owl.css]
[solapa-html.vercel.app/assets/vendors/icomoon-fonts/css/style.css]
[solapa-html.vercel.app/assets/vendors/jquery-ui/css/jquery-ui.css]
[solapa-html.vercel.app/assets/vendors/animate/css/custom-animate.css]
[solapa-html.vercel.app/assets/vendors/fancybox/css/jquery.fancybox.min.css]
[solapa-html.vercel.app/assets/vendors/swiper/swiper.min.css]
[solapa-html.vercel.app/assets/images/favicons/apple-touch-icon.png]
[solapa-html.vercel.app/assets/images/favicons/favicon-32x32.png]
[solapa-html.vercel.app/assets/images/favicons/favicon-16x16.png]
[solapa-html.vercel.app/assets/images/favicons/site.webmanifest]
[solapa-html.vercel.app/assets/css/solapa.css]
[solapa-html.vercel.app/assets/css/solapa-responsive.css]
[solapa-html.vercel.app/contact.html]
[solapa-html.vercel.app/assets/images/icons/flag.png]
[solapa-html.vercel.app/assets/images/resource/post-thumb-1.jpg]
[solapa-html.vercel.app/shoping-cart.html]
[solapa-html.vercel.app/assets/images/resource/post-thumb-2.jpg]
[solapa-html.vercel.app/checkout.html]
[solapa-html.vercel.app/assets/images/resource/logo.png]
[solapa-html.vercel.app/index-2.html]
[solapa-html.vercel.app/index-3.html]
[solapa-html.vercel.app/about.html]
[solapa-html.vercel.app/team.html]
[solapa-html.vercel.app/faq.html]
[solapa-html.vercel.app/company-history.html]
[solapa-html.vercel.app/services.html]
[solapa-html.vercel.app/solar-energy.html]
[solapa-html.vercel.app/wind-generators.html]
[solapa-html.vercel.app/renewable-energy.html]
[solapa-html.vercel.app/installation.html]
[solapa-html.vercel.app/monitoring.html]
[solapa-html.vercel.app/projects.html]
[solapa-html.vercel.app/projects-2.html]
[solapa-html.vercel.app/projects-3.html]
[solapa-html.vercel.app/project-detail.html]
[solapa-html.vercel.app/blog.html]
[solapa-html.vercel.app/blog-classic.html]
[solapa-html.vercel.app/blog-detail.html]
[solapa-html.vercel.app/not-found.html]
[solapa-html.vercel.app/assets/images/resource/logo-small.png]
[solapa-html.vercel.app/assets/images/resource/logo-2.png]
[solapa-html.vercel.app/assets/images/main-slider/main-slider-1-1.jpg]
[solapa-html.vercel.app/assets/images/shapes/main-slider-shape-1.png]
[solapa-html.vercel.app/assets/images/shapes/main-slider-shape-2.png]
[solapa-html.vercel.app/assets/images/main-slider/content-image-1.png]
[solapa-html.vercel.app/assets/images/shapes/main-slider-shape-3.png]
[solapa-html.vercel.app/assets/images/shapes/main-slider-shape-4.png]
[solapa-html.vercel.app/assets/images/shapes/main-slider-shape-5.png]
[solapa-html.vercel.app/assets/images/shapes/main-slider-shape-6.png]
[solapa-html.vercel.app/assets/images/icons/icon-1.png]
[solapa-html.vercel.app/assets/images/main-slider/main-slider-1-2.jpg]
[solapa-html.vercel.app/assets/images/main-slider/content-image-1-2.png]
[solapa-html.vercel.app/assets/images/main-slider/main-slider-1-3.jpg]
[solapa-html.vercel.app/assets/images/main-slider/content-image-1-3.png]
[solapa-html.vercel.app/assets/images/shapes/shape-4.png]
[solapa-html.vercel.app/assets/images/shapes/shape-8.png]
[solapa-html.vercel.app/assets/images/shapes/shape-5.png]
[solapa-html.vercel.app/assets/images/shapes/shape-6.png]
[solapa-html.vercel.app/assets/images/shapes/shape-7.png]
[solapa-html.vercel.app/assets/images/resource/energy-1.jpg]
[solapa-html.vercel.app/assets/images/resource/energy-2.jpg]
[solapa-html.vercel.app/assets/images/resource/energy-3.jpg]
[solapa-html.vercel.app/assets/images/resource/faq.jpg]
[solapa-html.vercel.app/assets/images/resource/cta-1.jpg]
[solapa-html.vercel.app/assets/images/gallery/gallery-1-1.jpg]
[solapa-html.vercel.app/assets/images/gallery/gallery-1-2.jpg]
[solapa-html.vercel.app/assets/images/gallery/gallery-1-3.jpg]
[solapa-html.vercel.app/assets/images/resource/energy-2-1.jpg]
[solapa-html.vercel.app/assets/images/icons/energy-2-1.png]
[solapa-html.vercel.app/assets/images/shapes/testimonial-shape-1.png]
[solapa-html.vercel.app/assets/images/shapes/testimonial-shape-1-1.png]
[solapa-html.vercel.app/assets/images/shapes/testimonial-shape-1-2.png]
[solapa-html.vercel.app/assets/images/shapes/testimonial-shape-1-3.png]
[solapa-html.vercel.app/assets/images/authors/author-1.jpg]
[solapa-html.vercel.app/assets/images/blog/news-1-1.jpg]
[solapa-html.vercel.app/assets/images/authors/author-2.jpg]
[solapa-html.vercel.app/assets/images/blog/news-1-2.jpg]
[solapa-html.vercel.app/assets/images/authors/author-3.jpg]
[solapa-html.vercel.app/assets/images/blog/news-1-3.jpg]
[solapa-html.vercel.app/assets/images/authors/author-4.jpg]
[solapa-html.vercel.app/assets/images/shapes/footer-shape-1.png]
[solapa-html.vercel.app/assets/images/resource/footer-logo.png]
[solapa-html.vercel.app/assets/vendors/jquery/jquery-v3.6.0.js]
[solapa-html.vercel.app/assets/vendors/bootstrap/js/popper.min.js]
[solapa-html.vercel.app/assets/vendors/bootstrap/js/bootstrap.min.js]
[solapa-html.vercel.app/assets/vendors/fancybox/js/jquery.fancybox.js]
[solapa-html.vercel.app/assets/vendors/jquery-appear/appear.js]
[solapa-html.vercel.app/assets/vendors/animate/js/parallax.min.js]
[solapa-html.vercel.app/assets/vendors/animate/js/tilt.jquery.min.js]
[solapa-html.vercel.app/assets/vendors/animate/js/jquery.paroller.min.js]
[solapa-html.vercel.app/assets/vendors/owl-slider/js/owl.js]
[solapa-html.vercel.app/assets/vendors/wow/js/wow.js]
[solapa-html.vercel.app/assets/vendors/validate/js/validate.js]
[solapa-html.vercel.app/assets/vendors/nav-tools/js/nav-tool.js]
[solapa-html.vercel.app/assets/vendors/jquery-ui/js/jquery-ui.js]
[solapa-html.vercel.app/assets/vendors/swiper/swiper.min.js]
[solapa-html.vercel.app/index.html]
[solapa-html.vercel.app/assets/vendors/bootstrap/css/bootstrap.css]
[solapa-html.vercel.app/assets/js/solapa-script.js]
[solapa-html.vercel.app/index-4.html]
[solapa-html.vercel.app/assets/vendors/fontawesome/fonts/fontawesome-webfonte0a5.eot]
[solapa-html.vercel.app/assets/vendors/fontawesome/fonts/fontawesome-webfontd41d.eot]
[solapa-html.vercel.app/assets/vendors/fontawesome/fonts/fontawesome-webfonte0a5.woff2]
[solapa-html.vercel.app/assets/vendors/fontawesome/fonts/fontawesome-webfonte0a5.woff]
[solapa-html.vercel.app/assets/vendors/fontawesome/fonts/fontawesome-webfonte0a5.ttf]
[solapa-html.vercel.app/assets/vendors/fontawesome/css/font-awesome.css]
[solapa-html.vercel.app/assets/vendors/fontawesome/fonts/fontawesome-webfonte0a5.svg]
[solapa-html.vercel.app/assets/vendors/flaticons-fonts/fonts/flaticon.ttf]
[solapa-html.vercel.app/assets/vendors/flaticons-fonts/fonts/flaticon.woff]
[solapa-html.vercel.app/assets/vendors/flaticons-fonts/fonts/flaticon.woff2]
[solapa-html.vercel.app/assets/vendors/flaticons-fonts/fonts/flaticon.eot]
[solapa-html.vercel.app/assets/vendors/flaticons/flaticon.css]
[solapa-html.vercel.app/assets/vendors/animate/css/animate.css]
[solapa-html.vercel.app/assets/vendors/owl-slider/css/owl.video.play.png]
[solapa-html.vercel.app/assets/vendors/owl-slider/css/owl.css]
[solapa-html.vercel.app/assets/vendors/flaticons-fonts/fonts/flaticon.svg]
[solapa-html.vercel.app/assets/vendors/icomoon-fonts/fonts/icomoonb57d.eot]
[solapa-html.vercel.app/assets/vendors/icomoon-fonts/fonts/icomoonb57d.ttf]
[solapa-html.vercel.app/assets/vendors/icomoon-fonts/fonts/icomoonb57d.woff]
[solapa-html.vercel.app/assets/vendors/icomoon-fonts/css/style.css]
[solapa-html.vercel.app/assets/vendors/icomoon-fonts/fonts/icomoonb57d.svg]
[solapa-html.vercel.app/assets/vendors/jquery-ui/css/images/ui-icons_444444_256x240.png]
[solapa-html.vercel.app/assets/vendors/jquery-ui/css/images/ui-icons_777620_256x240.png]
[solapa-html.vercel.app/assets/vendors/jquery-ui/css/images/ui-icons_cc0000_256x240.png]
[solapa-html.vercel.app/assets/vendors/jquery-ui/css/images/ui-icons_777777_256x240.png]
[solapa-html.vercel.app/assets/vendors/jquery-ui/css/jquery-ui.css]
[solapa-html.vercel.app/assets/vendors/animate/css/custom-animate.css]
[solapa-html.vercel.app/assets/vendors/fancybox/css/jquery.fancybox.min.css]
[solapa-html.vercel.app/assets/vendors/swiper/swiper.min.css]
[solapa-html.vercel.app/assets/images/favicons/site.html]
[solapa-html.vercel.app/assets/images/icons/preloader.png]
[solapa-html.vercel.app/assets/images/shapes/logo-shape.png]
[solapa-html.vercel.app/assets/images/icons/waves-shape.png]
[solapa-html.vercel.app/assets/images/icons/shape-1.png]
[solapa-html.vercel.app/assets/images/shapes/shape-10.png]
[solapa-html.vercel.app/assets/images/background/pattern-1.png]
[solapa-html.vercel.app/assets/css/solapa.css]
[solapa-html.vercel.app/assets/css/solapa-responsive.css]
[solapa-html.vercel.app/assets/images/background/2.jpg]
[solapa-html.vercel.app/assets/images/shapes/footer-shape-2.png]
[solapa-html.vercel.app/assets/images/shapes/footer-shape-3.png]
[solapa-html.vercel.app/contact.html]
[solapa-html.vercel.app/shoping-cart.html]
[solapa-html.vercel.app/checkout.html]
[solapa-html.vercel.app/assets/images/main-slider/main-slider-2-1.jpg]
[solapa-html.vercel.app/assets/images/shapes/main-slider-two-shape-1.png]
[solapa-html.vercel.app/assets/images/shapes/main-slider-two-shape-2.png]
[solapa-html.vercel.app/assets/images/shapes/main-slider-two-shape-3.png]
[solapa-html.vercel.app/assets/images/shapes/shape-2.png]
[solapa-html.vercel.app/assets/images/resource/solar-1.jpg]
[solapa-html.vercel.app/assets/images/resource/solar-2.jpg]
[solapa-html.vercel.app/assets/images/resource/solar-3.jpg]
[solapa-html.vercel.app/assets/images/sponsors/1.png]
[solapa-html.vercel.app/assets/images/sponsors/2.png]
[solapa-html.vercel.app/assets/images/sponsors/3.png]
[solapa-html.vercel.app/assets/images/gallery/gallery-2-1.jpg]
[solapa-html.vercel.app/assets/images/gallery/gallery-2-2.jpg]
[solapa-html.vercel.app/assets/images/gallery/gallery-2-3.jpg]
[solapa-html.vercel.app/assets/images/resource/consult.jpg]
[solapa-html.vercel.app/assets/images/blog/news-2-1.jpg]
[solapa-html.vercel.app/assets/images/blog/news-2-2.jpg]
[solapa-html.vercel.app/assets/images/blog/news-2-3.jpg]
[solapa-html.vercel.app/index-2.html]
[solapa-html.vercel.app/assets/vendors/jquery-magnific-popup/jquery.magnific-popup.css]
[solapa-html.vercel.app/assets/images/main-slider/main-slider-3-1.jpg]
[solapa-html.vercel.app/assets/images/shapes/main-slider-three-shape-1.png]
[solapa-html.vercel.app/assets/images/main-slider/main-slider-3-2.jpg]
[solapa-html.vercel.app/assets/images/main-slider/main-slider-3-3.jpg]
[solapa-html.vercel.app/assets/images/services/service-1-1.jpg]
[solapa-html.vercel.app/assets/images/services/service-1-2.jpg]
[solapa-html.vercel.app/assets/images/services/service-1-3.jpg]
[solapa-html.vercel.app/assets/images/background/1.jpg]
[solapa-html.vercel.app/assets/images/icons/consultant-two-icon.png]
[solapa-html.vercel.app/index-3.html]
[solapa-html.vercel.app/assets/vendors/jquery-magnific-popup/jquery.magnific-popup.min.js]
[solapa-html.vercel.app/assets/images/resource/purpose-1-1.jpg]
[solapa-html.vercel.app/assets/images/resource/purpose-1-2.jpg]
[solapa-html.vercel.app/assets/images/team/team-1-1.jpg]
[solapa-html.vercel.app/assets/images/team/team-1-2.jpg]
[solapa-html.vercel.app/assets/images/team/team-1-3.jpg]
[solapa-html.vercel.app/assets/images/team/team-1-4.jpg]
[solapa-html.vercel.app/about.html]
[solapa-html.vercel.app/assets/images/team/team-1-5.jpg]
[solapa-html.vercel.app/assets/images/team/team-1-6.jpg]
[solapa-html.vercel.app/assets/images/team/team-1-7.jpg]
[solapa-html.vercel.app/assets/images/team/team-1-8.jpg]
[solapa-html.vercel.app/team.html]
[solapa-html.vercel.app/faq.html]
[solapa-html.vercel.app/assets/images/resource/history.jpg]
[solapa-html.vercel.app/company-history.html]
[solapa-html.vercel.app/services.html]
[solapa-html.vercel.app/assets/images/resource/contractors.jpg]
[solapa-html.vercel.app/assets/images/shapes/shape-11.png]
[solapa-html.vercel.app/assets/images/services/service-detail-1-1.jpg]
[solapa-html.vercel.app/solar-energy.html]
[solapa-html.vercel.app/wind-generators.html]
[solapa-html.vercel.app/renewable-energy.html]
[solapa-html.vercel.app/installation.html]
[solapa-html.vercel.app/monitoring.html]
[solapa-html.vercel.app/assets/images/gallery/gallery-2-4.jpg]
[solapa-html.vercel.app/assets/images/gallery/gallery-2-5.jpg]
[solapa-html.vercel.app/assets/images/gallery/gallery-2-6.jpg]
[solapa-html.vercel.app/assets/images/gallery/gallery-2-7.jpg]
[solapa-html.vercel.app/assets/images/gallery/gallery-2-8.jpg]
[solapa-html.vercel.app/assets/images/gallery/gallery-2-9.jpg]
[solapa-html.vercel.app/projects.html]
[solapa-html.vercel.app/assets/images/gallery/gallery-3-1.jpg]
[solapa-html.vercel.app/assets/images/gallery/gallery-3-2.jpg]
[solapa-html.vercel.app/assets/images/gallery/gallery-3-3.jpg]
[solapa-html.vercel.app/assets/images/gallery/gallery-3-4.jpg]
[solapa-html.vercel.app/assets/images/gallery/gallery-3-5.jpg]
[solapa-html.vercel.app/assets/images/gallery/gallery-3-6.jpg]
[solapa-html.vercel.app/projects-2.html]
[solapa-html.vercel.app/assets/images/gallery/gallery-4-1.jpg]
[solapa-html.vercel.app/assets/images/gallery/gallery-4-2.jpg]
[solapa-html.vercel.app/assets/images/gallery/gallery-4-3.jpg]
[solapa-html.vercel.app/assets/images/gallery/gallery-4-4.jpg]
[solapa-html.vercel.app/assets/images/gallery/gallery-4-5.jpg]
[solapa-html.vercel.app/assets/images/gallery/gallery-4-6.jpg]
[solapa-html.vercel.app/projects-3.html]
[solapa-html.vercel.app/assets/vendors/mixitup-filter/js/mixitup.js]
[solapa-html.vercel.app/assets/images/gallery/gallery-detail-1.jpg]
[solapa-html.vercel.app/assets/images/gallery/gallery-detail-2.jpg]
[solapa-html.vercel.app/assets/images/gallery/gallery-detail-3.jpg]
[solapa-html.vercel.app/project-detail.html]
[solapa-html.vercel.app/assets/images/blog/news-2-4.jpg]
[solapa-html.vercel.app/assets/images/blog/news-2-5.jpg]
[solapa-html.vercel.app/assets/images/blog/news-2-6.jpg]
[solapa-html.vercel.app/blog.html]
[solapa-html.vercel.app/assets/images/blog/news-3-1.jpg]
[solapa-html.vercel.app/assets/images/blog/news-3-2.jpg]
[solapa-html.vercel.app/assets/images/blog/news-3-3.jpg]
[solapa-html.vercel.app/assets/images/blog/news-3-4.jpg]
[solapa-html.vercel.app/assets/images/blog/post-thumb-1-1.jpg]
[solapa-html.vercel.app/assets/images/blog/post-thumb-1-2.jpg]
[solapa-html.vercel.app/assets/images/blog/post-thumb-1-3.jpg]
[solapa-html.vercel.app/blog-classic.html]
[solapa-html.vercel.app/assets/images/blog/news-detail-1.jpg]
[solapa-html.vercel.app/assets/images/authors/author-5.jpg]
[solapa-html.vercel.app/assets/images/authors/author-6.jpg]
[solapa-html.vercel.app/assets/images/authors/author-7.jpg]
[solapa-html.vercel.app/blog-detail.html]
[solapa-html.vercel.app/assets/images/shapes/404.png]
[solapa-html.vercel.app/not-found.html]
[solapa-html.vercel.app/index-4.html]
[solapa-html.vercel.app/assets/vendors/fontawesome/fonts/fontawesome-webfonte0a5.svg]
[solapa-html.vercel.app/assets/vendors/flaticons-fonts/fonts/flaticon.svg]
[solapa-html.vercel.app/assets/vendors/owl-slider/css/owl.video.play.html]
[solapa-html.vercel.app/assets/vendors/icomoon-fonts/fonts/icomoonb57d.svg]
[solapa-html.vercel.app/assets/vendors/jquery-ui/css/images/ui-icons_444444_256x240.html]
[solapa-html.vercel.app/assets/vendors/jquery-ui/css/images/ui-icons_777620_256x240.html]
[solapa-html.vercel.app/assets/vendors/jquery-ui/css/images/ui-icons_cc0000_256x240.html]
[solapa-html.vercel.app/assets/vendors/jquery-ui/css/images/ui-icons_777777_256x240.html]
[solapa-html.vercel.app/assets/images/shapes/shape-2.html]
[solapa-html.vercel.app/assets/vendors/jquery-magnific-popup/jquery.magnific-popup.css]
